<?xml version="1.0" encoding="UTF-8"?>
<!-- Generated by org.testng.reporters.JUnitReportReporter -->
<testsuite hostname="DESKTOP-LB7O1B4" failures="0" tests="1" name="org.coa.listingPage.NonStopFilter" time="33.503" errors="0" timestamp="15 Mar 2021 03:05:02 GMT" skipped="0">
  <testcase classname="org.coa.listingPage.NonStopFilter" name="nonStopFilterTest" time="33.503"/>
</testsuite> <!-- org.coa.listingPage.NonStopFilter -->
