<?xml version="1.0" encoding="UTF-8"?>
<!-- Generated by org.testng.reporters.JUnitReportReporter -->
<testsuite skipped="0" hostname="DESKTOP-MP9K177" name="org.coa.homePage.HomePage_SearchInitiate" tests="1" failures="0" timestamp="2021-04-04T00:23:32 IST" time="14.327" errors="0">
  <testcase name="homePageInitiateSearchTest" time="14.327" classname="org.coa.homePage.HomePage_SearchInitiate"/>
</testsuite> <!-- org.coa.homePage.HomePage_SearchInitiate -->
