<?xml version="1.0" encoding="UTF-8"?>
<!-- Generated by org.testng.reporters.JUnitReportReporter -->
<testsuite hostname="DESKTOP-LB7O1B4" failures="0" tests="1" name="org.coa.listingPage.CurrencyChange" time="58.151" errors="0" timestamp="20 Mar 2021 17:07:33 GMT" skipped="0">
  <testcase classname="org.coa.listingPage.CurrencyChange" name="currency" time="58.151"/>
</testsuite> <!-- org.coa.listingPage.CurrencyChange -->
