<?xml version="1.0" encoding="UTF-8"?>
<!-- Generated by org.testng.reporters.JUnitReportReporter -->
<testsuite skipped="0" hostname="DESKTOP-MP9K177" name="org.coa.listingPage.NonStopFilter" tests="1" failures="0" timestamp="2021-03-16T00:27:10 IST" time="19.461" errors="0">
  <testcase name="nonStopFilterTest" time="19.461" classname="org.coa.listingPage.NonStopFilter"/>
</testsuite> <!-- org.coa.listingPage.NonStopFilter -->
