<?xml version="1.0" encoding="UTF-8"?>
<!-- Generated by org.testng.reporters.JUnitReportReporter -->
<testsuite hostname="DESKTOP-LB7O1B4" failures="0" tests="1" name="org.coa.listingPage.NonStopFilter" time="90.154" errors="0" timestamp="2021-03-14T15:03:57 IST" skipped="0">
  <testcase classname="org.coa.listingPage.NonStopFilter" name="nonStopFilterTest" time="90.154"/>
</testsuite> <!-- org.coa.listingPage.NonStopFilter -->
