<?xml version="1.0" encoding="UTF-8"?>
<!-- Generated by org.testng.reporters.JUnitReportReporter -->
<<<<<<< HEAD
<testsuite skipped="0" hostname="DESKTOP-MP9K177" name="org.coa.listingPage.NonStopFilter" tests="1" failures="0" timestamp="2021-03-16T00:27:10 IST" time="19.461" errors="0">
  <testcase name="nonStopFilterTest" time="19.461" classname="org.coa.listingPage.NonStopFilter"/>
=======
<testsuite hostname="DESKTOP-LB7O1B4" failures="0" tests="1" name="org.coa.listingPage.NonStopFilter" time="90.154" errors="0" timestamp="2021-03-14T15:03:57 IST" skipped="0">
  <testcase classname="org.coa.listingPage.NonStopFilter" name="nonStopFilterTest" time="90.154"/>
>>>>>>> 57e37bc9735e4f5c4bde0a161eec8410c1021d1d
</testsuite> <!-- org.coa.listingPage.NonStopFilter -->
